Build started 24.04.2015 03:40:52.
     1>Project "C:\Users\MustafaHakanChucky\documents\visual studio 2010\Projects\deneme1\deneme1\deneme1.vcxproj" on node 2 (build target(s)).
     1>InitializeBuildStatus:
         Creating "Release\deneme1.unsuccessfulbuild" because "AlwaysCreate" was specified.
       ClCompile:
         c:\Program Files (x86)\Microsoft Visual Studio 10.0\VC\bin\CL.exe /c /Zi /nologo /W3 /WX- /O2 /Oi /Oy- /GL /D "WIN32" /D NDEBUG /D _CONSOLE /D "_UNICODE" /D "UNICODE" /Gm- /EHsc /MD /GS /Gy /fp:precise /Zc:wchar_t /Zc:forScope /Fo"Release\\" /Fd"Release\vc100.pdb" /Gd /TP /analyze- /errorReport:prompt MyEventReceiver.cpp
         MyEventReceiver.cpp
     1>MyEventReceiver.cpp(5): warning C4018: '<' : signed/unsigned mismatch
     1>MyEventReceiver.cpp(162): warning C4018: '>=' : signed/unsigned mismatch
     1>MyEventReceiver.cpp(172): warning C4018: '<' : signed/unsigned mismatch
       Link:
         c:\Program Files (x86)\Microsoft Visual Studio 10.0\VC\bin\link.exe /ERRORREPORT:PROMPT /OUT:"C:\Users\MustafaHakanChucky\documents\visual studio 2010\Projects\deneme1\Release\deneme1.exe" /INCREMENTAL:NO /NOLOGO irrlicht.lib kernel32.lib user32.lib gdi32.lib winspool.lib comdlg32.lib advapi32.lib shell32.lib ole32.lib oleaut32.lib uuid.lib odbc32.lib pthreadVC2.lib odbccp32.lib kernel32.lib user32.lib gdi32.lib winspool.lib comdlg32.lib advapi32.lib shell32.lib ole32.lib oleaut32.lib uuid.lib odbc32.lib odbccp32.lib /MANIFEST /ManifestFile:"Release\deneme1.exe.intermediate.manifest" /MANIFESTUAC:"level='asInvoker' uiAccess='false'" /DEBUG /PDB:"C:\Users\MustafaHakanChucky\documents\visual studio 2010\Projects\deneme1\Release\deneme1.pdb" /SUBSYSTEM:CONSOLE /OPT:REF /OPT:ICF /LTCG /TLBID:1 /DYNAMICBASE /NXCOMPAT /IMPLIB:"C:\Users\MustafaHakanChucky\documents\visual studio 2010\Projects\deneme1\Release\deneme1.lib" /MACHINE:X86 Release\main.obj
         "Release\Interface.obj"
         Release\MyEventReceiver.obj
         Release\Objects.obj
         Generating code
         Finished generating code
         deneme1.vcxproj -> C:\Users\MustafaHakanChucky\documents\visual studio 2010\Projects\deneme1\Release\deneme1.exe
       Manifest:
         c:\Program Files (x86)\Microsoft SDKs\Windows\v7.0A\bin\mt.exe /nologo /verbose /outputresource:"C:\Users\MustafaHakanChucky\documents\visual studio 2010\Projects\deneme1\Release\deneme1.exe;#1" /manifest Release\deneme1.exe.intermediate.manifest
       FinalizeBuildStatus:
         Deleting file "Release\deneme1.unsuccessfulbuild".
         Touching "Release\deneme1.lastbuildstate".
     1>Done Building Project "C:\Users\MustafaHakanChucky\documents\visual studio 2010\Projects\deneme1\deneme1\deneme1.vcxproj" (build target(s)).

Build succeeded.

Time Elapsed 00:00:02.17
